#
# There is insufficient memory for the Java Runtime Environment to continue.
# Native memory allocation (mmap) failed to map 266338304 bytes for G1 virtual space
# Possible reasons:
#   The system is out of physical RAM or swap space
#   The process is running with CompressedOops enabled, and the Java Heap may be blocking the growth of the native heap
# Possible solutions:
#   Reduce memory load on the system
#   Increase physical memory or swap space
#   Check if swap backing store is full
#   Decrease Java heap size (-Xmx/-Xms)
#   Decrease number of Java threads
#   Decrease Java thread stack sizes (-Xss)
#   Set larger code cache with -XX:ReservedCodeCacheSize=
#   JVM is running with Zero Based Compressed Oops mode in which the Java heap is
#     placed in the first 32GB address space. The Java Heap base address is the
#     maximum limit for the native heap growth. Please use -XX:HeapBaseMinAddress
#     to set the Java Heap base and to place the Java Heap above 32GB virtual address.
# This output file may be truncated or incomplete.
#
#  Out of Memory Error (os_windows.cpp:3552), pid=18052, tid=4252
#
# JRE version:  (17.0.9+11) (build )
# Java VM: Java HotSpot(TM) 64-Bit Server VM (17.0.9+11-LTS-201, mixed mode, sharing, tiered, compressed oops, compressed class ptrs, g1 gc, windows-amd64)
# No core dump will be written. Minidumps are not enabled by default on client versions of Windows
#

---------------  S U M M A R Y ------------

Command Line: -Dfile.encoding=UTF-8 entity.Util

Host: Intel(R) Core(TM) i5-10300H CPU @ 2.50GHz, 8 cores, 15G,  Windows 11 , 64 bit Build 22621 (10.0.22621.3235)
Time: Mon Mar 25 16:09:07 2024 SE Asia Standard Time elapsed time: 0.006758 seconds (0d 0h 0m 0s)

---------------  T H R E A D  ---------------

Current thread (0x0000015bdda9a780):  JavaThread "Unknown thread" [_thread_in_vm, id=4252, stack(0x0000003717f00000,0x0000003718000000)]

Stack: [0x0000003717f00000,0x0000003718000000]
Native frames: (J=compiled Java code, j=interpreted, Vv=VM code, C=native code)
V  [jvm.dll+0x678a4a]
V  [jvm.dll+0x7d9cfd]
V  [jvm.dll+0x7db60e]
V  [jvm.dll+0x7dbc73]
V  [jvm.dll+0x245e1f]
V  [jvm.dll+0x6758f9]
V  [jvm.dll+0x66a2a2]
V  [jvm.dll+0x303686]
V  [jvm.dll+0x30ac06]
V  [jvm.dll+0x35a48e]
V  [jvm.dll+0x35a6bf]
V  [jvm.dll+0x2da678]
V  [jvm.dll+0x2db5e4]
V  [jvm.dll+0x7ab6b1]
V  [jvm.dll+0x368041]
V  [jvm.dll+0x78a749]
V  [jvm.dll+0x3ebd4f]
V  [jvm.dll+0x3ed7d1]
C  [jli.dll+0x5297]
C  [ucrtbase.dll+0x29363]
C  [KERNEL32.DLL+0x1257d]
C  [ntdll.dll+0x5aa58]


---------------  P R O C E S S  ---------------

Threads class SMR info:
_java_thread_list=0x00007ffa850089d8, length=0, elements={
}

Java Threads: ( => current thread )

Other Threads:
  0x0000015bdfc42360 GCTaskThread "GC Thread#0" [stack: 0x0000003718000000,0x0000003718100000] [id=24144]
  0x0000015bdfc52f30 ConcurrentGCThread "G1 Main Marker" [stack: 0x0000003718100000,0x0000003718200000] [id=17956]
  0x0000015bdfc53840 ConcurrentGCThread "G1 Conc#0" [stack: 0x0000003718200000,0x0000003718300000] [id=4516]

[error occurred during error reporting (printing all threads), id 0xc0000005, EXCEPTION_ACCESS_VIOLATION (0xc0000005) at pc=0x00007ffa8483b2d7]

VM state: not at safepoint (not fully initialized)

VM Mutex/Monitor currently owned by a thread:  ([mutex/lock_event])
[0x0000015bdfbd4290] Heap_lock - owner thread: 0x0000015bdda9a780

Heap address: 0x0000000702800000, size: 4056 MB, Compressed Oops mode: Zero based, Oop shift amount: 3

CDS archive(s) mapped at: [0x0000000000000000-0x0000000000000000-0x0000000000000000), size 0, SharedBaseAddress: 0x0000000800000000, ArchiveRelocationMode: 1.
Narrow klass base: 0x0000000000000000, Narrow klass shift: 0, Narrow klass range: 0x0

GC Precious Log:
<Empty>

Heap:
 garbage-first heap   total 0K, used 0K [0x0000000702800000, 0x0000000800000000)
  region size 2048K, 0 young (0K), 0 survivors (0K)

[error occurred during error reporting (printing heap information), id 0xc0000005, EXCEPTION_ACCESS_VIOLATION (0xc0000005) at pc=0x00007ffa84c22229]

GC Heap History (0 events):
No events

Deoptimization events (0 events):
No events

Classes unloaded (0 events):
No events

Classes redefined (0 events):
No events

Internal exceptions (0 events):
No events

VM Operations (0 events):
No events

Events (1 events):
Event: 0.004 Loaded shared library C:\Program Files\Java\jdk-17\bin\java.dll


Dynamic libraries:
0x00007ff67d1f0000 - 0x00007ff67d200000 	C:\Program Files\Java\jdk-17\bin\java.exe
0x00007ffaf59b0000 - 0x00007ffaf5bc6000 	C:\WINDOWS\SYSTEM32\ntdll.dll
0x00007ffaf40d0000 - 0x00007ffaf4194000 	C:\WINDOWS\System32\KERNEL32.DLL
0x00007ffaf3120000 - 0x00007ffaf34c6000 	C:\WINDOWS\System32\KERNELBASE.dll
0x00007ffaf2fd0000 - 0x00007ffaf30e1000 	C:\WINDOWS\System32\ucrtbase.dll
0x00007ffa84530000 - 0x00007ffa8454b000 	C:\Program Files\Java\jdk-17\bin\VCRUNTIME140.dll
0x00007ffae1560000 - 0x00007ffae1579000 	C:\Program Files\Java\jdk-17\bin\jli.dll
0x00007ffaf5580000 - 0x00007ffaf5632000 	C:\WINDOWS\System32\ADVAPI32.dll
0x00007ffaf4020000 - 0x00007ffaf40c7000 	C:\WINDOWS\System32\msvcrt.dll
0x00007ffaf3c50000 - 0x00007ffaf3cf8000 	C:\WINDOWS\System32\sechost.dll
0x00007ffaf30f0000 - 0x00007ffaf3118000 	C:\WINDOWS\System32\bcrypt.dll
0x00007ffaf3d60000 - 0x00007ffaf3e75000 	C:\WINDOWS\System32\RPCRT4.dll
0x00007ffaf4ba0000 - 0x00007ffaf4d4d000 	C:\WINDOWS\System32\USER32.dll
0x00007ffae37c0000 - 0x00007ffae3a53000 	C:\WINDOWS\WinSxS\amd64_microsoft.windows.common-controls_6595b64144ccf1df_6.0.22621.3235_none_270f74e173860f98\COMCTL32.dll
0x00007ffaf2e00000 - 0x00007ffaf2e26000 	C:\WINDOWS\System32\win32u.dll
0x00007ffaf3d10000 - 0x00007ffaf3d39000 	C:\WINDOWS\System32\GDI32.dll
0x00007ffaf2e30000 - 0x00007ffaf2f48000 	C:\WINDOWS\System32\gdi32full.dll
0x00007ffaf2d60000 - 0x00007ffaf2dfa000 	C:\WINDOWS\System32\msvcp_win.dll
0x00007ffaead00000 - 0x00007ffaead0a000 	C:\WINDOWS\SYSTEM32\VERSION.dll
0x00007ffaf4300000 - 0x00007ffaf4331000 	C:\WINDOWS\System32\IMM32.DLL
0x00007ffad68a0000 - 0x00007ffad68ac000 	C:\Program Files\Java\jdk-17\bin\vcruntime140_1.dll
0x00007ffa840f0000 - 0x00007ffa8417e000 	C:\Program Files\Java\jdk-17\bin\msvcp140.dll
0x00007ffa84550000 - 0x00007ffa85131000 	C:\Program Files\Java\jdk-17\bin\server\jvm.dll
0x00007ffaf3d00000 - 0x00007ffaf3d08000 	C:\WINDOWS\System32\PSAPI.DLL
0x00007ffaeaf00000 - 0x00007ffaeaf34000 	C:\WINDOWS\SYSTEM32\WINMM.dll
0x00007ffad1130000 - 0x00007ffad1139000 	C:\WINDOWS\SYSTEM32\WSOCK32.dll
0x00007ffaf3f90000 - 0x00007ffaf4001000 	C:\WINDOWS\System32\WS2_32.dll
0x00007ffaf1e20000 - 0x00007ffaf1e38000 	C:\WINDOWS\SYSTEM32\kernel.appcore.dll
0x00007ffad4c20000 - 0x00007ffad4c2a000 	C:\Program Files\Java\jdk-17\bin\jimage.dll
0x00007ffaf01b0000 - 0x00007ffaf03e3000 	C:\WINDOWS\SYSTEM32\DBGHELP.DLL
0x00007ffaf38c0000 - 0x00007ffaf3c48000 	C:\WINDOWS\System32\combase.dll
0x00007ffaf37e0000 - 0x00007ffaf38b7000 	C:\WINDOWS\System32\OLEAUT32.dll
0x00007ffad4360000 - 0x00007ffad4392000 	C:\WINDOWS\SYSTEM32\dbgcore.DLL
0x00007ffaf2f50000 - 0x00007ffaf2fca000 	C:\WINDOWS\System32\bcryptPrimitives.dll
0x00007ffa844c0000 - 0x00007ffa844e5000 	C:\Program Files\Java\jdk-17\bin\java.dll

dbghelp: loaded successfully - version: 4.0.5 - missing functions: none
symbol engine: initialized successfully - sym options: 0x614 - pdb path: .;C:\Program Files\Java\jdk-17\bin;C:\WINDOWS\SYSTEM32;C:\WINDOWS\WinSxS\amd64_microsoft.windows.common-controls_6595b64144ccf1df_6.0.22621.3235_none_270f74e173860f98;C:\Program Files\Java\jdk-17\bin\server

VM Arguments:
jvm_args: -Dfile.encoding=UTF-8 
java_command: entity.Util
java_class_path (initial): D:\Workspace\SourceCode\J2EE\Project_J2EE\build\web\WEB-INF\classes;D:\Workspace\SourceCode\J2EE\jars\mysql-connector-j-8.3.0.jar;C:\Users\ADMIN\GlassFish_Server\glassfish\modules\jakarta.activation.jar;C:\Users\ADMIN\GlassFish_Server\glassfish\modules\jakarta.annotation-api.jar;C:\Users\ADMIN\GlassFish_Server\glassfish\modules\jakarta.authentication-api.jar;C:\Users\ADMIN\GlassFish_Server\glassfish\modules\jakarta.authorization-api.jar;C:\Users\ADMIN\GlassFish_Server\glassfish\modules\jakarta.batch-api.jar;C:\Users\ADMIN\GlassFish_Server\glassfish\modules\jakarta.ejb-api.jar;C:\Users\ADMIN\GlassFish_Server\glassfish\modules\jakarta.el-api.jar;C:\Users\ADMIN\GlassFish_Server\glassfish\modules\jakarta.el.jar;C:\Users\ADMIN\GlassFish_Server\glassfish\modules\jakarta.enterprise.cdi-api.jar;C:\Users\ADMIN\GlassFish_Server\glassfish\modules\jakarta.enterprise.concurrent-api.jar;C:\Users\ADMIN\GlassFish_Server\glassfish\modules\jakarta.enterprise.concurrent.jar;C:\Users\ADMIN\GlassFish_Server\glassfish\modules\jakarta.faces.jar;C:\Users\ADMIN\GlassFish_Server\glassfish\modules\jakarta.inject-api.jar;C:\Users\ADMIN\GlassFish_Server\glassfish\modules\jakarta.interceptor-api.jar;C:\Users\ADMIN\GlassFish_Server\glassfish\modules\jakarta.jms-api.jar;C:\Users\ADMIN\GlassFish_Server\glassfish\modules\jakarta.json.bind-api.jar;C:\Users\ADMIN\GlassFish_Server\glassfish\modules\jakarta.json.jar;C:\Users\ADMIN\GlassFish_Server\glassfish\modules\jakarta.mail.jar;C:\Users\ADMIN\GlassFish_Server\glassfish\modules\jakarta.mvc-api.jar;C:\Users\ADMIN\GlassFish_Server\glassfish\modules\jakarta.persistence-api.jar;C:\Users\ADMIN\GlassFish_Server\glassfish\modules\jakarta.resource-api.jar;C:\Users\ADMIN\GlassFish_Server\glassfish\modules\jakarta.security.enterprise-api.jar;C:\Users\ADMIN\GlassFish_Server\glassfish\modules\jakarta.security.enterprise.jar;C:\Users\ADMIN\GlassFish_Server\glassfish\modules\jakarta.servlet-api.jar;C:\Users\ADMIN\GlassFish_Server\glass
Launcher Type: SUN_STANDARD

[Global flags]
     intx CICompilerCount                          = 4                                         {product} {ergonomic}
     uint ConcGCThreads                            = 2                                         {product} {ergonomic}
     uint G1ConcRefinementThreads                  = 8                                         {product} {ergonomic}
   size_t G1HeapRegionSize                         = 2097152                                   {product} {ergonomic}
    uintx GCDrainStackTargetSize                   = 64                                        {product} {ergonomic}
   size_t InitialHeapSize                          = 266338304                                 {product} {ergonomic}
   size_t MarkStackSize                            = 4194304                                   {product} {ergonomic}
   size_t MaxHeapSize                              = 4253024256                                {product} {ergonomic}
   size_t MinHeapDeltaBytes                        = 2097152                                   {product} {ergonomic}
   size_t MinHeapSize                              = 8388608                                   {product} {ergonomic}
    uintx NonNMethodCodeHeapSize                   = 5839372                                {pd product} {ergonomic}
    uintx NonProfiledCodeHeapSize                  = 122909434                              {pd product} {ergonomic}
    uintx ProfiledCodeHeapSize                     = 122909434                              {pd product} {ergonomic}
    uintx ReservedCodeCacheSize                    = 251658240                              {pd product} {ergonomic}
     bool SegmentedCodeCache                       = true                                      {product} {ergonomic}
   size_t SoftMaxHeapSize                          = 4253024256                             {manageable} {ergonomic}
     bool UseCompressedClassPointers               = true                           {product lp64_product} {ergonomic}
     bool UseCompressedOops                        = true                           {product lp64_product} {ergonomic}
     bool UseG1GC                                  = true                                      {product} {ergonomic}
     bool UseLargePagesIndividualAllocation        = false                                  {pd product} {ergonomic}

Logging:
Log output configuration:
 #0: stdout all=warning uptime,level,tags
 #1: stderr all=off uptime,level,tags

Environment Variables:
PATH=D:\Workspace\SourceCode\CSDL\App\bin;C:\Program Files\Java\jdk-17\bin;C:\Program Files\Common Files\Oracle\Java\javapath;C:\Program Files (x86)\Common Files\Oracle\Java\javapath;C:\ProgramData\Oracle\Java\javapath;C:\Windows\system32;C:\Windows;C:\Windows\System32\Wbem;C:\Windows\System32\WindowsPowerShell\v1.0\;C:\Windows\System32\OpenSSH\;C:\Program Files (x86)\NVIDIA Corporation\PhysX\Common;C:\Program Files\dotnet\;C:\WINDOWS\system32;C:\WINDOWS;C:\WINDOWS\System32\Wbem;C:\WINDOWS\System32\WindowsPowerShell\v1.0\;C:\WINDOWS\System32\OpenSSH\;C:\Program Files\NVIDIA Corporation\NVIDIA NvDLISR;C:\MinGW\bin;C:\Program Files\Git\cmd;C:\Program Files\nodejs\;C:\Program Files\Cloudflare\Cloudflare WARP\;C:\Program Files\MySQL\MySQL Server 8.0\bin;C:\Program Files\MySQL\MySQL Shell 8.0\bin\;C:\Users\ADMIN\AppData\Local\Microsoft\WindowsApps;C:\Users\ADMIN\AppData\Local\Programs\Microsoft VS Code\bin;C:\Program Files (x86)\Embarcadero\Dev-Cpp\TDM-GCC-64\bin;C:\Users\ADMIN\AppData\Roaming\npm
USERNAME=ADMIN
OS=Windows_NT
PROCESSOR_IDENTIFIER=Intel64 Family 6 Model 165 Stepping 2, GenuineIntel



---------------  S Y S T E M  ---------------

OS:
 Windows 11 , 64 bit Build 22621 (10.0.22621.3235)
OS uptime: 4 days 17:29 hours

CPU: total 8 (initial active 8) (4 cores per cpu, 2 threads per core) family 6 model 165 stepping 2 microcode 0xe0, cx8, cmov, fxsr, ht, mmx, 3dnowpref, sse, sse2, sse3, ssse3, sse4.1, sse4.2, popcnt, lzcnt, tsc, tscinvbit, avx, avx2, aes, erms, clmul, bmi1, bmi2, adx, fma, vzeroupper, clflush, clflushopt

Memory: 4k page, system-wide physical 16221M (4401M free)
TotalPageFile size 41820M (AvailPageFile size 242M)
current process WorkingSet (physical memory assigned to process): 11M, peak: 11M
current process commit charge ("private bytes"): 60M, peak: 314M

vm_info: Java HotSpot(TM) 64-Bit Server VM (17.0.9+11-LTS-201) for windows-amd64 JRE (17.0.9+11-LTS-201), built on Oct 10 2023 23:16:06 by "mach5one" with MS VC++ 17.1 (VS2022)

END.
